\BOOKMARK [0][-]{chapter.1}{Fluid Mechanics and Acoustics Background}{}% 1
\BOOKMARK [1][-]{section.1.1}{Conservation Laws}{chapter.1}% 2
\BOOKMARK [2][-]{subsection.1.1.1}{Mass Conservation}{section.1.1}% 3
\BOOKMARK [2][-]{subsection.1.1.2}{Energy Conservation}{section.1.1}% 4
\BOOKMARK [2][-]{subsection.1.1.3}{Momentum Conservation}{section.1.1}% 5
\BOOKMARK [1][-]{section.1.2}{The Stress Tensor}{chapter.1}% 6
\BOOKMARK [2][-]{subsection.1.2.1}{Symmetry of the Stress Tensor}{section.1.2}% 7
\BOOKMARK [2][-]{subsection.1.2.2}{The Stress Tensor in a Static Fluid}{section.1.2}% 8
\BOOKMARK [2][-]{subsection.1.2.3}{The Stress Tensor in a Moving Fluid}{section.1.2}% 9
\BOOKMARK [1][-]{section.1.3}{The Navier-Stokes and Euler Equations}{chapter.1}% 10
\BOOKMARK [1][-]{section.1.4}{Linear Acoustic Flow}{chapter.1}% 11
\BOOKMARK [2][-]{subsection.1.4.1}{The Acoustic Wave Equation}{section.1.4}% 12
\BOOKMARK [1][-]{section.1.5}{Acoustic Boundary Conditions and an Example}{chapter.1}% 13
\BOOKMARK [2][-]{subsection.1.5.1}{Formulation of the Boundary Value Problem}{section.1.5}% 14
\BOOKMARK [2][-]{subsection.1.5.2}{Calculation of the Mouth Impedance}{section.1.5}% 15
\BOOKMARK [2][-]{subsection.1.5.3}{An Example}{section.1.5}% 16
\BOOKMARK [1][-]{section.1.6}{Inviscid, Incompressible, Potential Flow}{chapter.1}% 17
\BOOKMARK [2][-]{subsection.1.6.1}{Bernoulli's Equation}{section.1.6}% 18
\BOOKMARK [2][-]{subsection.1.6.2}{The Continuity Equation}{section.1.6}% 19
\BOOKMARK [1][-]{section.1.7}{Nonlinear Energy Losses at an Orifice}{chapter.1}% 20
